<?xml version="1.0" encoding="UTF-8"?>
<!-- Generated by org.testng.reporters.JUnitXMLReporter -->
<testsuite ignored="0" hostname="Lenovo-T16" failures="1" tests="1" name="Test" time="4.686" errors="0" timestamp="2023-11-22T22:18:00 CET">
  <testcase classname="com.todo.tests.AddTodoTest" name="iCanAddTodo" time="0.647">
    <failure type="java.lang.AssertionError" message="expected [true] but found [false]">
      <![CDATA[java.lang.AssertionError: expected [true] but found [false]
at com.todo.tests.AddTodoTest.iCanAddTodo(AddTodoTest.java:27)
at java.base/java.util.ArrayList.forEach(ArrayList.java:1596)
... Removed 29 stack frames]]>
    </failure>
  </testcase> <!-- iCanAddTodo -->
</testsuite> <!-- Test -->
